Started by user [8mha:////4O41tps2LRB9QIC9ABXQkbMIc7S01ltnQdyK3ISIGy2vAAAAlx+LCAAAAAAAAP9b85aBtbiIQTGjNKU4P08vOT+vOD8nVc83PyU1x6OyILUoJzMv2y+/JJUBAhiZGBgqihhk0NSjKDWzXb3RdlLBUSYGJk8GtpzUvPSSDB8G5tKinBIGIZ+sxLJE/ZzEvHT94JKizLx0a6BxUmjGOUNodHsLgAz2EgZu/dLi1CL9gsS8lEQAm4MTyMAAAAA=[0mPandaIT
Running as SYSTEM
Building in workspace /var/jenkins_home/workspace/CI
The recommended git tool is: NONE
using credential GitHub
 > git rev-parse --is-inside-work-tree # timeout=10
Fetching changes from the remote Git repository
 > git config remote.origin.url https://github.com/rafalekjan/panda_aplication.git # timeout=10
Fetching upstream changes from https://github.com/rafalekjan/panda_aplication.git
 > git --version # timeout=10
 > git --version # 'git version 2.20.1'
using GIT_ASKPASS to set credentials Klucz do githuba
 > git fetch --tags --force --progress -- https://github.com/rafalekjan/panda_aplication.git +refs/heads/*:refs/remotes/origin/* # timeout=10
 > git rev-parse origin/master^{commit} # timeout=10
Checking out Revision 9e3dc4b597f68dd932166c9b4942685375c1c777 (origin/master)
 > git config core.sparsecheckout # timeout=10
 > git checkout -f 9e3dc4b597f68dd932166c9b4942685375c1c777 # timeout=10
Commit message: "files"
 > git rev-list --no-walk 9fd2089db497bcd0d97e17030069308eca1138db # timeout=10
[CI] $ /var/jenkins_home/tools/hudson.tasks.Maven_MavenInstallation/auto_maven/bin/mvn install
[INFO] Scanning for projects...
Downloading from central: https://repo.maven.apache.org/maven2/org/apache/maven/wagon/wagon-ftp/3.4.1/wagon-ftp-3.4.1.pom
Progress (1): 2.2 kB                    Downloaded from central: https://repo.maven.apache.org/maven2/org/apache/maven/wagon/wagon-ftp/3.4.1/wagon-ftp-3.4.1.pom (2.2 kB at 3.0 kB/s)
Downloading from central: https://repo.maven.apache.org/maven2/org/apache/maven/wagon/wagon-providers/3.4.1/wagon-providers-3.4.1.pom
Progress (1): 2.7/2.8 kBProgress (1): 2.8 kB                        Downloaded from central: https://repo.maven.apache.org/maven2/org/apache/maven/wagon/wagon-providers/3.4.1/wagon-providers-3.4.1.pom (2.8 kB at 28 kB/s)
Downloading from central: https://repo.maven.apache.org/maven2/org/apache/maven/wagon/wagon/3.4.1/wagon-3.4.1.pom
Progress (1): 2.7/21 kBProgress (1): 5.5/21 kBProgress (1): 8.2/21 kBProgress (1): 11/21 kB Progress (1): 14/21 kBProgress (1): 16/21 kBProgress (1): 19/21 kBProgress (1): 21 kB                      Downloaded from central: https://repo.maven.apache.org/maven2/org/apache/maven/wagon/wagon/3.4.1/wagon-3.4.1.pom (21 kB at 183 kB/s)
Downloading from central: https://repo.maven.apache.org/maven2/org/apache/maven/maven-parent/34/maven-parent-34.pom
Progress (1): 2.7/43 kBProgress (1): 5.5/43 kBProgress (1): 8.2/43 kBProgress (1): 11/43 kB Progress (1): 14/43 kBProgress (1): 16/43 kBProgress (1): 19/43 kBProgress (1): 22/43 kBProgress (1): 25/43 kBProgress (1): 27/43 kBProgress (1): 30/43 kBProgress (1): 33/43 kBProgress (1): 36/43 kBProgress (1): 38/43 kBProgress (1): 41/43 kBProgress (1): 43 kB                      Downloaded from central: https://repo.maven.apache.org/maven2/org/apache/maven/maven-parent/34/maven-parent-34.pom (43 kB at 420 kB/s)
Downloading from central: https://repo.maven.apache.org/maven2/org/apache/apache/23/apache-23.pom
Progress (1): 2.7/18 kBProgress (1): 5.5/18 kBProgress (1): 8.2/18 kBProgress (1): 11/18 kB Progress (1): 14/18 kBProgress (1): 16/18 kBProgress (1): 18 kB                      Downloaded from central: https://repo.maven.apache.org/maven2/org/apache/apache/23/apache-23.pom (18 kB at 252 kB/s)
Downloading from central: https://repo.maven.apache.org/maven2/commons-net/commons-net/3.6/commons-net-3.6.pom
Progress (1): 2.7/22 kBProgress (1): 5.5/22 kBProgress (1): 8.2/22 kBProgress (1): 11/22 kB Progress (1): 14/22 kBProgress (1): 16/22 kBProgress (1): 19/22 kBProgress (1): 22 kB                      Downloaded from central: https://repo.maven.apache.org/maven2/commons-net/commons-net/3.6/commons-net-3.6.pom (22 kB at 299 kB/s)
Downloading from central: https://repo.maven.apache.org/maven2/org/slf4j/slf4j-api/1.7.25/slf4j-api-1.7.25.pom
Progress (1): 2.7/3.8 kBProgress (1): 3.8 kB                        Downloaded from central: https://repo.maven.apache.org/maven2/org/slf4j/slf4j-api/1.7.25/slf4j-api-1.7.25.pom (3.8 kB at 56 kB/s)
Downloading from central: https://repo.maven.apache.org/maven2/org/slf4j/slf4j-parent/1.7.25/slf4j-parent-1.7.25.pom
Progress (1): 2.7/14 kBProgress (1): 5.5/14 kBProgress (1): 8.2/14 kBProgress (1): 11/14 kB Progress (1): 14 kB                      Downloaded from central: https://repo.maven.apache.org/maven2/org/slf4j/slf4j-parent/1.7.25/slf4j-parent-1.7.25.pom (14 kB at 193 kB/s)
Downloading from central: https://repo.maven.apache.org/maven2/org/apache/maven/wagon/wagon-provider-api/3.4.1/wagon-provider-api-3.4.1.pom
Progress (1): 1.9 kB                    Downloaded from central: https://repo.maven.apache.org/maven2/org/apache/maven/wagon/wagon-provider-api/3.4.1/wagon-provider-api-3.4.1.pom (1.9 kB at 28 kB/s)
Downloading from central: https://repo.maven.apache.org/maven2/org/codehaus/plexus/plexus-utils/3.3.0/plexus-utils-3.3.0.pom
Progress (1): 2.7/5.2 kBProgress (1): 5.2 kB                        Downloaded from central: https://repo.maven.apache.org/maven2/org/codehaus/plexus/plexus-utils/3.3.0/plexus-utils-3.3.0.pom (5.2 kB at 81 kB/s)
Downloading from central: https://repo.maven.apache.org/maven2/org/apache/maven/wagon/wagon-ftp/3.4.1/wagon-ftp-3.4.1.jar
Downloading from central: https://repo.maven.apache.org/maven2/commons-net/commons-net/3.6/commons-net-3.6.jar
Downloading from central: https://repo.maven.apache.org/maven2/org/slf4j/slf4j-api/1.7.25/slf4j-api-1.7.25.jar
Downloading from central: https://repo.maven.apache.org/maven2/commons-io/commons-io/2.6/commons-io-2.6.jar
Downloading from central: https://repo.maven.apache.org/maven2/org/apache/maven/wagon/wagon-provider-api/3.4.1/wagon-provider-api-3.4.1.jar
Progress (1): 2.7/307 kBProgress (1): 5.5/307 kBProgress (1): 8.2/307 kBProgress (1): 11/307 kB Progress (1): 14/307 kBProgress (1): 16/307 kBProgress (1): 19/307 kBProgress (1): 22/307 kBProgress (1): 25/307 kBProgress (1): 27/307 kBProgress (1): 30/307 kBProgress (1): 33/307 kBProgress (1): 36/307 kBProgress (1): 38/307 kBProgress (1): 41/307 kBProgress (1): 44/307 kBProgress (1): 47/307 kBProgress (1): 49/307 kBProgress (1): 52/307 kBProgress (1): 55/307 kBProgress (1): 58/307 kBProgress (1): 60/307 kBProgress (1): 63/307 kBProgress (1): 66/307 kBProgress (1): 69/307 kBProgress (1): 71/307 kBProgress (1): 74/307 kBProgress (1): 77/307 kBProgress (1): 80/307 kBProgress (1): 82/307 kBProgress (1): 85/307 kBProgress (1): 88/307 kBProgress (1): 90/307 kBProgress (1): 93/307 kBProgress (1): 96/307 kBProgress (1): 99/307 kBProgress (1): 101/307 kBProgress (1): 104/307 kBProgress (1): 107/307 kBProgress (1): 110/307 kBProgress (1): 112/307 kBProgress (1): 115/307 kBProgress (1): 118/307 kBProgress (1): 121/307 kBProgress (1): 123/307 kBProgress (1): 126/307 kBProgress (1): 129/307 kBProgress (1): 132/307 kBProgress (1): 134/307 kBProgress (1): 137/307 kBProgress (1): 140/307 kBProgress (1): 143/307 kBProgress (1): 145/307 kBProgress (1): 148/307 kBProgress (1): 151/307 kBProgress (1): 154/307 kBProgress (1): 156/307 kBProgress (1): 159/307 kBProgress (1): 162/307 kBProgress (1): 165/307 kBProgress (1): 167/307 kBProgress (1): 170/307 kBProgress (1): 173/307 kBProgress (1): 175/307 kBProgress (1): 178/307 kBProgress (1): 181/307 kBProgress (1): 184/307 kBProgress (1): 186/307 kBProgress (1): 189/307 kBProgress (1): 192/307 kBProgress (1): 195/307 kBProgress (1): 197/307 kBProgress (1): 200/307 kBProgress (2): 200/307 kB | 2.7/41 kBProgress (2): 203/307 kB | 2.7/41 kBProgress (2): 206/307 kB | 2.7/41 kBProgress (2): 208/307 kB | 2.7/41 kBProgress (2): 211/307 kB | 2.7/41 kBProgress (3): 211/307 kB | 2.7/41 kB | 2.7/19 kBProgress (3): 211/307 kB | 2.7/41 kB | 5.5/19 kBProgress (3): 211/307 kB | 5.5/41 kB | 5.5/19 kBProgress (3): 211/307 kB | 5.5/41 kB | 8.2/19 kBProgress (4): 211/307 kB | 5.5/41 kB | 8.2/19 kB | 2.7/55 kBProgress (4): 211/307 kB | 5.5/41 kB | 8.2/19 kB | 5.5/55 kBProgress (4): 211/307 kB | 5.5/41 kB | 8.2/19 kB | 8.2/55 kBProgress (4): 211/307 kB | 5.5/41 kB | 8.2/19 kB | 11/55 kB Progress (4): 214/307 kB | 5.5/41 kB | 8.2/19 kB | 11/55 kBProgress (5): 214/307 kB | 5.5/41 kB | 8.2/19 kB | 11/55 kB | 2.7/215 kBProgress (5): 214/307 kB | 5.5/41 kB | 11/19 kB | 11/55 kB | 2.7/215 kB Progress (5): 217/307 kB | 5.5/41 kB | 11/19 kB | 11/55 kB | 2.7/215 kBProgress (5): 217/307 kB | 8.2/41 kB | 11/19 kB | 11/55 kB | 2.7/215 kBProgress (5): 217/307 kB | 11/41 kB | 11/19 kB | 11/55 kB | 2.7/215 kB Progress (5): 217/307 kB | 14/41 kB | 11/19 kB | 11/55 kB | 2.7/215 kBProgress (5): 219/307 kB | 14/41 kB | 11/19 kB | 11/55 kB | 2.7/215 kBProgress (5): 219/307 kB | 14/41 kB | 11/19 kB | 11/55 kB | 5.5/215 kBProgress (5): 222/307 kB | 14/41 kB | 11/19 kB | 11/55 kB | 5.5/215 kBProgress (5): 225/307 kB | 14/41 kB | 11/19 kB | 11/55 kB | 5.5/215 kBProgress (5): 228/307 kB | 14/41 kB | 11/19 kB | 11/55 kB | 5.5/215 kBProgress (5): 230/307 kB | 14/41 kB | 11/19 kB | 11/55 kB | 5.5/215 kBProgress (5): 233/307 kB | 14/41 kB | 11/19 kB | 11/55 kB | 5.5/215 kBProgress (5): 236/307 kB | 14/41 kB | 11/19 kB | 11/55 kB | 5.5/215 kBProgress (5): 239/307 kB | 14/41 kB | 11/19 kB | 11/55 kB | 5.5/215 kBProgress (5): 239/307 kB | 14/41 kB | 14/19 kB | 11/55 kB | 5.5/215 kBProgress (5): 239/307 kB | 16/41 kB | 14/19 kB | 11/55 kB | 5.5/215 kBProgress (5): 239/307 kB | 16/41 kB | 14/19 kB | 11/55 kB | 8.2/215 kBProgress (5): 239/307 kB | 16/41 kB | 14/19 kB | 14/55 kB | 8.2/215 kBProgress (5): 239/307 kB | 16/41 kB | 14/19 kB | 14/55 kB | 11/215 kB Progress (5): 241/307 kB | 16/41 kB | 14/19 kB | 14/55 kB | 11/215 kBProgress (5): 241/307 kB | 16/41 kB | 16/19 kB | 14/55 kB | 11/215 kBProgress (5): 241/307 kB | 19/41 kB | 16/19 kB | 14/55 kB | 11/215 kBProgress (5): 244/307 kB | 19/41 kB | 16/19 kB | 14/55 kB | 11/215 kBProgress (5): 244/307 kB | 22/41 kB | 16/19 kB | 14/55 kB | 11/215 kBProgress (5): 244/307 kB | 22/41 kB | 19 kB | 14/55 kB | 11/215 kB   Progress (5): 244/307 kB | 22/41 kB | 19 kB | 14/55 kB | 14/215 kBProgress (5): 244/307 kB | 22/41 kB | 19 kB | 16/55 kB | 14/215 kBProgress (5): 244/307 kB | 22/41 kB | 19 kB | 16/55 kB | 16/215 kBProgress (5): 244/307 kB | 25/41 kB | 19 kB | 16/55 kB | 16/215 kBProgress (5): 247/307 kB | 25/41 kB | 19 kB | 16/55 kB | 16/215 kBProgress (5): 247/307 kB | 25/41 kB | 19 kB | 16/55 kB | 19/215 kBProgress (5): 247/307 kB | 25/41 kB | 19 kB | 19/55 kB | 19/215 kBProgress (5): 247/307 kB | 25/41 kB | 19 kB | 22/55 kB | 19/215 kBProgress (5): 247/307 kB | 25/41 kB | 19 kB | 22/55 kB | 22/215 kBProgress (5): 250/307 kB | 25/41 kB | 19 kB | 22/55 kB | 22/215 kBProgress (5): 250/307 kB | 27/41 kB | 19 kB | 22/55 kB | 22/215 kBProgress (5): 252/307 kB | 27/41 kB | 19 kB | 22/55 kB | 22/215 kBProgress (5): 252/307 kB | 27/41 kB | 19 kB | 22/55 kB | 25/215 kBProgress (5): 252/307 kB | 27/41 kB | 19 kB | 25/55 kB | 25/215 kBProgress (5): 252/307 kB | 27/41 kB | 19 kB | 25/55 kB | 27/215 kBProgress (5): 252/307 kB | 30/41 kB | 19 kB | 25/55 kB | 27/215 kBProgress (5): 255/307 kB | 30/41 kB | 19 kB | 25/55 kB | 27/215 kBProgress (5): 255/307 kB | 33/41 kB | 19 kB | 25/55 kB | 27/215 kBProgress (5): 255/307 kB | 33/41 kB | 19 kB | 25/55 kB | 30/215 kBProgress (5): 255/307 kB | 33/41 kB | 19 kB | 27/55 kB | 30/215 kBProgress (5): 255/307 kB | 33/41 kB | 19 kB | 27/55 kB | 33/215 kBProgress (5): 255/307 kB | 36/41 kB | 19 kB | 27/55 kB | 33/215 kBProgress (5): 258/307 kB | 36/41 kB | 19 kB | 27/55 kB | 33/215 kBProgress (5): 258/307 kB | 38/41 kB | 19 kB | 27/55 kB | 33/215 kBProgress (5): 258/307 kB | 38/41 kB | 19 kB | 27/55 kB | 36/215 kBProgress (5): 258/307 kB | 38/41 kB | 19 kB | 30/55 kB | 36/215 kBProgress (5): 258/307 kB | 38/41 kB | 19 kB | 33/55 kB | 36/215 kBProgress (5): 258/307 kB | 38/41 kB | 19 kB | 36/55 kB | 36/215 kBProgress (5): 258/307 kB | 38/41 kB | 19 kB | 38/55 kB | 36/215 kBProgress (5): 258/307 kB | 38/41 kB | 19 kB | 41/55 kB | 36/215 kB                                                                  Downloaded from central: https://repo.maven.apache.org/maven2/org/apache/maven/wagon/wagon-ftp/3.4.1/wagon-ftp-3.4.1.jar (19 kB at 55 kB/s)
Downloading from central: https://repo.maven.apache.org/maven2/org/codehaus/plexus/plexus-utils/3.3.0/plexus-utils-3.3.0.jar
Progress (4): 258/307 kB | 41/41 kB | 41/55 kB | 36/215 kBProgress (4): 260/307 kB | 41/41 kB | 41/55 kB | 36/215 kBProgress (4): 260/307 kB | 41 kB | 41/55 kB | 36/215 kB   Progress (4): 263/307 kB | 41 kB | 41/55 kB | 36/215 kBProgress (4): 266/307 kB | 41 kB | 41/55 kB | 36/215 kBProgress (4): 269/307 kB | 41 kB | 41/55 kB | 36/215 kBProgress (4): 271/307 kB | 41 kB | 41/55 kB | 36/215 kBProgress (4): 274/307 kB | 41 kB | 41/55 kB | 36/215 kBProgress (4): 277/307 kB | 41 kB | 41/55 kB | 36/215 kBProgress (4): 280/307 kB | 41 kB | 41/55 kB | 36/215 kBProgress (4): 280/307 kB | 41 kB | 41/55 kB | 38/215 kBProgress (4): 280/307 kB | 41 kB | 41/55 kB | 41/215 kBProgress (4): 280/307 kB | 41 kB | 41/55 kB | 44/215 kBProgress (4): 280/307 kB | 41 kB | 41/55 kB | 47/215 kBProgress (4): 280/307 kB | 41 kB | 44/55 kB | 47/215 kBProgress (4): 280/307 kB | 41 kB | 47/55 kB | 47/215 kBProgress (4): 280/307 kB | 41 kB | 49/55 kB | 47/215 kBProgress (4): 280/307 kB | 41 kB | 52/55 kB | 47/215 kBProgress (4): 280/307 kB | 41 kB | 55/55 kB | 47/215 kBProgress (4): 280/307 kB | 41 kB | 55 kB | 47/215 kB   Progress (4): 282/307 kB | 41 kB | 55 kB | 47/215 kBProgress (4): 285/307 kB | 41 kB | 55 kB | 47/215 kBProgress (4): 288/307 kB | 41 kB | 55 kB | 47/215 kBProgress (4): 291/307 kB | 41 kB | 55 kB | 47/215 kBProgress (4): 291/307 kB | 41 kB | 55 kB | 49/215 kBProgress (4): 291/307 kB | 41 kB | 55 kB | 52/215 kBProgress (4): 291/307 kB | 41 kB | 55 kB | 55/215 kBProgress (4): 291/307 kB | 41 kB | 55 kB | 58/215 kBProgress (4): 291/307 kB | 41 kB | 55 kB | 60/215 kBProgress (4): 291/307 kB | 41 kB | 55 kB | 63/215 kBProgress (4): 291/307 kB | 41 kB | 55 kB | 66/215 kBProgress (4): 291/307 kB | 41 kB | 55 kB | 69/215 kBProgress (4): 291/307 kB | 41 kB | 55 kB | 71/215 kB                                                    Downloaded from central: https://repo.maven.apache.org/maven2/org/slf4j/slf4j-api/1.7.25/slf4j-api-1.7.25.jar (41 kB at 113 kB/s)
Progress (3): 291/307 kB | 55 kB | 74/215 kBProgress (3): 293/307 kB | 55 kB | 74/215 kBProgress (4): 293/307 kB | 55 kB | 74/215 kB | 2.7/263 kBProgress (4): 293/307 kB | 55 kB | 74/215 kB | 5.5/263 kBProgress (4): 293/307 kB | 55 kB | 74/215 kB | 8.2/263 kBProgress (4): 293/307 kB | 55 kB | 74/215 kB | 11/263 kB Progress (4): 293/307 kB | 55 kB | 74/215 kB | 14/263 kBProgress (4): 293/307 kB | 55 kB | 74/215 kB | 16/263 kBProgress (4): 293/307 kB | 55 kB | 74/215 kB | 19/263 kBProgress (4): 293/307 kB | 55 kB | 74/215 kB | 22/263 kBProgress (4): 293/307 kB | 55 kB | 77/215 kB | 22/263 kBProgress (4): 293/307 kB | 55 kB | 80/215 kB | 22/263 kBProgress (4): 293/307 kB | 55 kB | 82/215 kB | 22/263 kBProgress (4): 293/307 kB | 55 kB | 85/215 kB | 22/263 kBProgress (4): 293/307 kB | 55 kB | 88/215 kB | 22/263 kBProgress (4): 293/307 kB | 55 kB | 90/215 kB | 22/263 kBProgress (4): 293/307 kB | 55 kB | 93/215 kB | 22/263 kBProgress (4): 293/307 kB | 55 kB | 96/215 kB | 22/263 kBProgress (4): 293/307 kB | 55 kB | 99/215 kB | 22/263 kBProgress (4): 296/307 kB | 55 kB | 99/215 kB | 22/263 kBProgress (4): 299/307 kB | 55 kB | 99/215 kB | 22/263 kBProgress (4): 302/307 kB | 55 kB | 99/215 kB | 22/263 kBProgress (4): 304/307 kB | 55 kB | 99/215 kB | 22/263 kBProgress (4): 307/307 kB | 55 kB | 99/215 kB | 22/263 kBProgress (4): 307 kB | 55 kB | 99/215 kB | 22/263 kB    Progress (4): 307 kB | 55 kB | 99/215 kB | 25/263 kBProgress (4): 307 kB | 55 kB | 99/215 kB | 27/263 kBProgress (4): 307 kB | 55 kB | 99/215 kB | 30/263 kBProgress (4): 307 kB | 55 kB | 99/215 kB | 33/263 kBProgress (4): 307 kB | 55 kB | 99/215 kB | 36/263 kBProgress (4): 307 kB | 55 kB | 101/215 kB | 36/263 kBProgress (4): 307 kB | 55 kB | 104/215 kB | 36/263 kBProgress (4): 307 kB | 55 kB | 107/215 kB | 36/263 kBProgress (4): 307 kB | 55 kB | 110/215 kB | 36/263 kBProgress (4): 307 kB | 55 kB | 112/215 kB | 36/263 kBProgress (4): 307 kB | 55 kB | 115/215 kB | 36/263 kBProgress (4): 307 kB | 55 kB | 115/215 kB | 38/263 kBProgress (4): 307 kB | 55 kB | 118/215 kB | 38/263 kBProgress (4): 307 kB | 55 kB | 121/215 kB | 38/263 kBProgress (4): 307 kB | 55 kB | 123/215 kB | 38/263 kBProgress (4): 307 kB | 55 kB | 126/215 kB | 38/263 kBProgress (4): 307 kB | 55 kB | 129/215 kB | 38/263 kBProgress (4): 307 kB | 55 kB | 132/215 kB | 38/263 kBProgress (4): 307 kB | 55 kB | 134/215 kB | 38/263 kBProgress (4): 307 kB | 55 kB | 137/215 kB | 38/263 kBProgress (4): 307 kB | 55 kB | 140/215 kB | 38/263 kBProgress (4): 307 kB | 55 kB | 143/215 kB | 38/263 kBProgress (4): 307 kB | 55 kB | 145/215 kB | 38/263 kBProgress (4): 307 kB | 55 kB | 145/215 kB | 41/263 kBProgress (4): 307 kB | 55 kB | 145/215 kB | 44/263 kBProgress (4): 307 kB | 55 kB | 145/215 kB | 47/263 kBProgress (4): 307 kB | 55 kB | 145/215 kB | 49/263 kBProgress (4): 307 kB | 55 kB | 145/215 kB | 52/263 kB                                                     Downloaded from central: https://repo.maven.apache.org/maven2/org/apache/maven/wagon/wagon-provider-api/3.4.1/wagon-provider-api-3.4.1.jar (55 kB at 132 kB/s)
Progress (3): 307 kB | 145/215 kB | 55/263 kBProgress (3): 307 kB | 145/215 kB | 58/263 kBProgress (3): 307 kB | 145/215 kB | 60/263 kBProgress (3): 307 kB | 145/215 kB | 63/263 kBProgress (3): 307 kB | 145/215 kB | 66/263 kBProgress (3): 307 kB | 145/215 kB | 69/263 kBProgress (3): 307 kB | 145/215 kB | 71/263 kBProgress (3): 307 kB | 145/215 kB | 74/263 kBProgress (3): 307 kB | 148/215 kB | 74/263 kBProgress (3): 307 kB | 151/215 kB | 74/263 kBProgress (3): 307 kB | 154/215 kB | 74/263 kBProgress (3): 307 kB | 156/215 kB | 74/263 kBProgress (3): 307 kB | 159/215 kB | 74/263 kBProgress (3): 307 kB | 162/215 kB | 74/263 kBProgress (3): 307 kB | 165/215 kB | 74/263 kBProgress (3): 307 kB | 167/215 kB | 74/263 kBProgress (3): 307 kB | 170/215 kB | 74/263 kBProgress (3): 307 kB | 173/215 kB | 74/263 kBProgress (3): 307 kB | 175/215 kB | 74/263 kBProgress (3): 307 kB | 178/215 kB | 74/263 kBProgress (3): 307 kB | 181/215 kB | 74/263 kBProgress (3): 307 kB | 184/215 kB | 74/263 kBProgress (3): 307 kB | 186/215 kB | 74/263 kBProgress (3): 307 kB | 186/215 kB | 77/263 kBProgress (3): 307 kB | 186/215 kB | 80/263 kBProgress (3): 307 kB | 189/215 kB | 80/263 kBProgress (3): 307 kB | 192/215 kB | 80/263 kBProgress (3): 307 kB | 195/215 kB | 80/263 kBProgress (3): 307 kB | 197/215 kB | 80/263 kBProgress (3): 307 kB | 200/215 kB | 80/263 kBProgress (3): 307 kB | 203/215 kB | 80/263 kBProgress (3): 307 kB | 206/215 kB | 80/263 kBProgress (3): 307 kB | 208/215 kB | 80/263 kBProgress (3): 307 kB | 211/215 kB | 80/263 kBProgress (3): 307 kB | 214/215 kB | 80/263 kBProgress (3): 307 kB | 215 kB | 80/263 kB    Progress (3): 307 kB | 215 kB | 82/263 kBProgress (3): 307 kB | 215 kB | 85/263 kBProgress (3): 307 kB | 215 kB | 88/263 kBProgress (3): 307 kB | 215 kB | 90/263 kBProgress (3): 307 kB | 215 kB | 93/263 kBProgress (3): 307 kB | 215 kB | 96/263 kBProgress (3): 307 kB | 215 kB | 99/263 kBProgress (3): 307 kB | 215 kB | 101/263 kBProgress (3): 307 kB | 215 kB | 104/263 kB                                          Downloaded from central: https://repo.maven.apache.org/maven2/commons-net/commons-net/3.6/commons-net-3.6.jar (307 kB at 663 kB/s)
Progress (2): 215 kB | 107/263 kBProgress (2): 215 kB | 110/263 kBProgress (2): 215 kB | 112/263 kBProgress (2): 215 kB | 115/263 kBProgress (2): 215 kB | 118/263 kBProgress (2): 215 kB | 121/263 kBProgress (2): 215 kB | 123/263 kBProgress (2): 215 kB | 126/263 kBProgress (2): 215 kB | 129/263 kBProgress (2): 215 kB | 132/263 kBProgress (2): 215 kB | 134/263 kBProgress (2): 215 kB | 137/263 kBProgress (2): 215 kB | 140/263 kBProgress (2): 215 kB | 143/263 kBProgress (2): 215 kB | 145/263 kBProgress (2): 215 kB | 148/263 kB                                 Downloaded from central: https://repo.maven.apache.org/maven2/commons-io/commons-io/2.6/commons-io-2.6.jar (215 kB at 454 kB/s)
Progress (1): 151/263 kBProgress (1): 154/263 kBProgress (1): 156/263 kBProgress (1): 159/263 kBProgress (1): 162/263 kBProgress (1): 165/263 kBProgress (1): 167/263 kBProgress (1): 170/263 kBProgress (1): 173/263 kBProgress (1): 175/263 kBProgress (1): 178/263 kBProgress (1): 181/263 kBProgress (1): 184/263 kBProgress (1): 186/263 kBProgress (1): 189/263 kBProgress (1): 192/263 kBProgress (1): 195/263 kBProgress (1): 197/263 kBProgress (1): 200/263 kBProgress (1): 203/263 kBProgress (1): 206/263 kBProgress (1): 208/263 kBProgress (1): 211/263 kBProgress (1): 214/263 kBProgress (1): 217/263 kBProgress (1): 219/263 kBProgress (1): 223/263 kBProgress (1): 227/263 kBProgress (1): 231/263 kBProgress (1): 235/263 kBProgress (1): 239/263 kBProgress (1): 243/263 kBProgress (1): 247/263 kBProgress (1): 251/263 kBProgress (1): 256/263 kBProgress (1): 260/263 kBProgress (1): 263 kB                        Downloaded from central: https://repo.maven.apache.org/maven2/org/codehaus/plexus/plexus-utils/3.3.0/plexus-utils-3.3.0.jar (263 kB at 492 kB/s)
[INFO] 
[INFO] --------------------------< pl.pandait:panda >--------------------------
[INFO] Building panda 0.0.2-SNAPSHOT
[INFO] --------------------------------[ jar ]---------------------------------
[INFO] 
[8mha:////4A2XxUCaCcjcJArUByFaRjEeuxmvF7x5mJoFvoTRWL2AAAAAYB+LCAAAAAAAAP9b85aBtbiIQSmjNKU4P0+vJLE4u1gvPjexLDVPzxdEGvvmZ+X75ZekLlOVfvTjc8FPJgaGiiIGKaiG5Py84vycVD1nCA1SyAABjCCFBQCV27OjYAAAAA==[0m[INFO] --- maven-resources-plugin:3.1.0:resources (default-resources) @ panda ---
[INFO] Using 'UTF-8' encoding to copy filtered resources.
[INFO] Copying 1 resource
[INFO] Copying 3 resources
[INFO] 
[8mha:////4A2XxUCaCcjcJArUByFaRjEeuxmvF7x5mJoFvoTRWL2AAAAAYB+LCAAAAAAAAP9b85aBtbiIQSmjNKU4P0+vJLE4u1gvPjexLDVPzxdEGvvmZ+X75ZekLlOVfvTjc8FPJgaGiiIGKaiG5Py84vycVD1nCA1SyAABjCCFBQCV27OjYAAAAA==[0m[INFO] --- maven-compiler-plugin:3.8.1:compile (default-compile) @ panda ---
[INFO] Changes detected - recompiling the module!
[INFO] Compiling 2 source files to /var/jenkins_home/workspace/CI/target/classes
[INFO] 
[8mha:////4A2XxUCaCcjcJArUByFaRjEeuxmvF7x5mJoFvoTRWL2AAAAAYB+LCAAAAAAAAP9b85aBtbiIQSmjNKU4P0+vJLE4u1gvPjexLDVPzxdEGvvmZ+X75ZekLlOVfvTjc8FPJgaGiiIGKaiG5Py84vycVD1nCA1SyAABjCCFBQCV27OjYAAAAA==[0m[INFO] --- maven-compiler-plugin:3.8.1:compile (default) @ panda ---
[INFO] Changes detected - recompiling the module!
[INFO] Compiling 2 source files to /var/jenkins_home/workspace/CI/target/classes
[INFO] 
[8mha:////4A2XxUCaCcjcJArUByFaRjEeuxmvF7x5mJoFvoTRWL2AAAAAYB+LCAAAAAAAAP9b85aBtbiIQSmjNKU4P0+vJLE4u1gvPjexLDVPzxdEGvvmZ+X75ZekLlOVfvTjc8FPJgaGiiIGKaiG5Py84vycVD1nCA1SyAABjCCFBQCV27OjYAAAAA==[0m[INFO] --- maven-resources-plugin:3.1.0:testResources (default-testResources) @ panda ---
[INFO] Using 'UTF-8' encoding to copy filtered resources.
[INFO] skip non existing resourceDirectory /var/jenkins_home/workspace/CI/src/test/resources
[INFO] 
[8mha:////4A2XxUCaCcjcJArUByFaRjEeuxmvF7x5mJoFvoTRWL2AAAAAYB+LCAAAAAAAAP9b85aBtbiIQSmjNKU4P0+vJLE4u1gvPjexLDVPzxdEGvvmZ+X75ZekLlOVfvTjc8FPJgaGiiIGKaiG5Py84vycVD1nCA1SyAABjCCFBQCV27OjYAAAAA==[0m[INFO] --- maven-compiler-plugin:3.8.1:testCompile (default-testCompile) @ panda ---
[INFO] Changes detected - recompiling the module!
[INFO] Compiling 3 source files to /var/jenkins_home/workspace/CI/target/test-classes
[INFO] 
[8mha:////4A2XxUCaCcjcJArUByFaRjEeuxmvF7x5mJoFvoTRWL2AAAAAYB+LCAAAAAAAAP9b85aBtbiIQSmjNKU4P0+vJLE4u1gvPjexLDVPzxdEGvvmZ+X75ZekLlOVfvTjc8FPJgaGiiIGKaiG5Py84vycVD1nCA1SyAABjCCFBQCV27OjYAAAAA==[0m[INFO] --- maven-surefire-plugin:2.22.2:test (default-test) @ panda ---
[INFO] 
[INFO] -------------------------------------------------------
[INFO]  T E S T S
[INFO] -------------------------------------------------------
[INFO] Running pl.pandait.panda.HelloControllerTest
18:34:29.926 [main] DEBUG org.springframework.test.context.BootstrapUtils - Instantiating CacheAwareContextLoaderDelegate from class [org.springframework.test.context.cache.DefaultCacheAwareContextLoaderDelegate]
18:34:29.945 [main] DEBUG org.springframework.test.context.BootstrapUtils - Instantiating BootstrapContext using constructor [public org.springframework.test.context.support.DefaultBootstrapContext(java.lang.Class,org.springframework.test.context.CacheAwareContextLoaderDelegate)]
18:34:29.998 [main] DEBUG org.springframework.test.context.BootstrapUtils - Instantiating TestContextBootstrapper for test class [pl.pandait.panda.HelloControllerTest] from class [org.springframework.boot.test.context.SpringBootTestContextBootstrapper]
18:34:30.023 [main] INFO org.springframework.boot.test.context.SpringBootTestContextBootstrapper - Neither @ContextConfiguration nor @ContextHierarchy found for test class [pl.pandait.panda.HelloControllerTest], using SpringBootContextLoader
18:34:30.030 [main] DEBUG org.springframework.test.context.support.AbstractContextLoader - Did not detect default resource location for test class [pl.pandait.panda.HelloControllerTest]: class path resource [pl/pandait/panda/HelloControllerTest-context.xml] does not exist
18:34:30.031 [main] DEBUG org.springframework.test.context.support.AbstractContextLoader - Did not detect default resource location for test class [pl.pandait.panda.HelloControllerTest]: class path resource [pl/pandait/panda/HelloControllerTestContext.groovy] does not exist
18:34:30.032 [main] INFO org.springframework.test.context.support.AbstractContextLoader - Could not detect default resource locations for test class [pl.pandait.panda.HelloControllerTest]: no resource found for suffixes {-context.xml, Context.groovy}.
18:34:30.035 [main] INFO org.springframework.test.context.support.AnnotationConfigContextLoaderUtils - Could not detect default configuration classes for test class [pl.pandait.panda.HelloControllerTest]: HelloControllerTest does not declare any static, non-private, non-final, nested classes annotated with @Configuration.
18:34:30.096 [main] DEBUG org.springframework.test.context.support.ActiveProfilesUtils - Could not find an 'annotation declaring class' for annotation type [org.springframework.test.context.ActiveProfiles] and class [pl.pandait.panda.HelloControllerTest]
18:34:30.292 [main] DEBUG org.springframework.context.annotation.ClassPathScanningCandidateComponentProvider - Identified candidate component class: file [/var/jenkins_home/workspace/CI/target/classes/pl/pandait/panda/PandaApplication.class]
18:34:30.293 [main] INFO org.springframework.boot.test.context.SpringBootTestContextBootstrapper - Found @SpringBootConfiguration pl.pandait.panda.PandaApplication for test class pl.pandait.panda.HelloControllerTest
18:34:30.434 [main] DEBUG org.springframework.boot.test.context.SpringBootTestContextBootstrapper - @TestExecutionListeners is not present for class [pl.pandait.panda.HelloControllerTest]: using defaults.
18:34:30.435 [main] INFO org.springframework.boot.test.context.SpringBootTestContextBootstrapper - Loaded default TestExecutionListener class names from location [META-INF/spring.factories]: [org.springframework.boot.test.mock.mockito.MockitoTestExecutionListener, org.springframework.boot.test.mock.mockito.ResetMocksTestExecutionListener, org.springframework.boot.test.autoconfigure.restdocs.RestDocsTestExecutionListener, org.springframework.boot.test.autoconfigure.web.client.MockRestServiceServerResetTestExecutionListener, org.springframework.boot.test.autoconfigure.web.servlet.MockMvcPrintOnlyOnFailureTestExecutionListener, org.springframework.boot.test.autoconfigure.web.servlet.WebDriverTestExecutionListener, org.springframework.test.context.web.ServletTestExecutionListener, org.springframework.test.context.support.DirtiesContextBeforeModesTestExecutionListener, org.springframework.test.context.support.DependencyInjectionTestExecutionListener, org.springframework.test.context.support.DirtiesContextTestExecutionListener, org.springframework.test.context.transaction.TransactionalTestExecutionListener, org.springframework.test.context.jdbc.SqlScriptsTestExecutionListener, org.springframework.test.context.event.EventPublishingTestExecutionListener]
18:34:30.454 [main] DEBUG org.springframework.boot.test.context.SpringBootTestContextBootstrapper - Skipping candidate TestExecutionListener [org.springframework.test.context.transaction.TransactionalTestExecutionListener] due to a missing dependency. Specify custom listener classes or make the default listener classes and their required dependencies available. Offending class: [org/springframework/transaction/TransactionDefinition]
18:34:30.455 [main] DEBUG org.springframework.boot.test.context.SpringBootTestContextBootstrapper - Skipping candidate TestExecutionListener [org.springframework.test.context.jdbc.SqlScriptsTestExecutionListener] due to a missing dependency. Specify custom listener classes or make the default listener classes and their required dependencies available. Offending class: [org/springframework/transaction/interceptor/TransactionAttribute]
18:34:30.456 [main] INFO org.springframework.boot.test.context.SpringBootTestContextBootstrapper - Using TestExecutionListeners: [org.springframework.test.context.web.ServletTestExecutionListener@1d131e1b, org.springframework.test.context.support.DirtiesContextBeforeModesTestExecutionListener@71cf1b07, org.springframework.boot.test.mock.mockito.MockitoTestExecutionListener@615091b8, org.springframework.boot.test.autoconfigure.SpringBootDependencyInjectionTestExecutionListener@4fce136b, org.springframework.test.context.support.DirtiesContextTestExecutionListener@4aa83f4f, org.springframework.test.context.event.EventPublishingTestExecutionListener@43b6123e, org.springframework.boot.test.mock.mockito.ResetMocksTestExecutionListener@260e86a1, org.springframework.boot.test.autoconfigure.restdocs.RestDocsTestExecutionListener@19648c40, org.springframework.boot.test.autoconfigure.web.client.MockRestServiceServerResetTestExecutionListener@12bd8a64, org.springframework.boot.test.autoconfigure.web.servlet.MockMvcPrintOnlyOnFailureTestExecutionListener@61e94def, org.springframework.boot.test.autoconfigure.web.servlet.WebDriverTestExecutionListener@3300f4fd]
18:34:30.461 [main] DEBUG org.springframework.test.context.support.AbstractDirtiesContextTestExecutionListener - Before test class: context [DefaultTestContext@18bc345 testClass = HelloControllerTest, testInstance = [null], testMethod = [null], testException = [null], mergedContextConfiguration = [WebMergedContextConfiguration@42f8285e testClass = HelloControllerTest, locations = '{}', classes = '{class pl.pandait.panda.PandaApplication}', contextInitializerClasses = '[]', activeProfiles = '{}', propertySourceLocations = '{}', propertySourceProperties = '{org.springframework.boot.test.context.SpringBootTestContextBootstrapper=true, server.port=0}', contextCustomizers = set[org.springframework.boot.test.context.filter.ExcludeFilterContextCustomizer@3f1d2e23, org.springframework.boot.test.json.DuplicateJsonObjectContextCustomizerFactory$DuplicateJsonObjectContextCustomizer@776a6d9b, org.springframework.boot.test.mock.mockito.MockitoContextCustomizer@0, org.springframework.boot.test.web.client.TestRestTemplateContextCustomizer@389b0789, org.springframework.boot.test.autoconfigure.properties.PropertyMappingContextCustomizer@0, org.springframework.boot.test.autoconfigure.web.servlet.WebDriverContextCustomizerFactory$Customizer@2415fc55], resourceBasePath = 'src/main/webapp', contextLoader = 'org.springframework.boot.test.context.SpringBootContextLoader', parent = [null]], attributes = map['org.springframework.test.context.web.ServletTestExecutionListener.activateListener' -> false]], class annotated with @DirtiesContext [false] with mode [null].
18:34:30.479 [main] DEBUG org.springframework.test.context.support.DependencyInjectionTestExecutionListener - Performing dependency injection for test context [[DefaultTestContext@18bc345 testClass = HelloControllerTest, testInstance = pl.pandait.panda.HelloControllerTest@52d645b1, testMethod = [null], testException = [null], mergedContextConfiguration = [WebMergedContextConfiguration@42f8285e testClass = HelloControllerTest, locations = '{}', classes = '{class pl.pandait.panda.PandaApplication}', contextInitializerClasses = '[]', activeProfiles = '{}', propertySourceLocations = '{}', propertySourceProperties = '{org.springframework.boot.test.context.SpringBootTestContextBootstrapper=true, server.port=0}', contextCustomizers = set[org.springframework.boot.test.context.filter.ExcludeFilterContextCustomizer@3f1d2e23, org.springframework.boot.test.json.DuplicateJsonObjectContextCustomizerFactory$DuplicateJsonObjectContextCustomizer@776a6d9b, org.springframework.boot.test.mock.mockito.MockitoContextCustomizer@0, org.springframework.boot.test.web.client.TestRestTemplateContextCustomizer@389b0789, org.springframework.boot.test.autoconfigure.properties.PropertyMappingContextCustomizer@0, org.springframework.boot.test.autoconfigure.web.servlet.WebDriverContextCustomizerFactory$Customizer@2415fc55], resourceBasePath = 'src/main/webapp', contextLoader = 'org.springframework.boot.test.context.SpringBootContextLoader', parent = [null]], attributes = map['org.springframework.test.context.web.ServletTestExecutionListener.activateListener' -> false]]].
18:34:30.511 [main] DEBUG org.springframework.test.context.support.TestPropertySourceUtils - Adding inlined properties to environment: {spring.jmx.enabled=false, org.springframework.boot.test.context.SpringBootTestContextBootstrapper=true, server.port=0}

  .   ____          _            __ _ _
 /\\ / ___'_ __ _ _(_)_ __  __ _ \ \ \ \
( ( )\___ | '_ | '_| | '_ \/ _` | \ \ \ \
 \\/  ___)| |_)| | | | | || (_| |  ) ) ) )
  '  |____| .__|_| |_|_| |_\__, | / / / /
 =========|_|==============|___/=/_/_/_/
 :: Spring Boot ::        (v2.2.4.RELEASE)

2020-11-09 18:34:31.150  INFO 384 --- [           main] pl.pandait.panda.HelloControllerTest     : Starting HelloControllerTest on 7f29e35ef178 with PID 384 (started by jenkins in /var/jenkins_home/workspace/CI)
2020-11-09 18:34:31.152  INFO 384 --- [           main] pl.pandait.panda.HelloControllerTest     : No active profile set, falling back to default profiles: default
2020-11-09 18:34:33.015  INFO 384 --- [           main] o.s.b.w.embedded.tomcat.TomcatWebServer  : Tomcat initialized with port(s): 0 (http)
2020-11-09 18:34:33.034  INFO 384 --- [           main] o.apache.catalina.core.StandardService   : Starting service [Tomcat]
2020-11-09 18:34:33.035  INFO 384 --- [           main] org.apache.catalina.core.StandardEngine  : Starting Servlet engine: [Apache Tomcat/9.0.30]
2020-11-09 18:34:33.180  INFO 384 --- [           main] o.a.c.c.C.[Tomcat].[localhost].[/]       : Initializing Spring embedded WebApplicationContext
2020-11-09 18:34:33.180  INFO 384 --- [           main] o.s.web.context.ContextLoader            : Root WebApplicationContext: initialization completed in 1990 ms
2020-11-09 18:34:33.634  INFO 384 --- [           main] o.s.s.concurrent.ThreadPoolTaskExecutor  : Initializing ExecutorService 'applicationTaskExecutor'
2020-11-09 18:34:33.775  INFO 384 --- [           main] o.s.b.a.w.s.WelcomePageHandlerMapping    : Adding welcome page: class path resource [static/index.html]
2020-11-09 18:34:34.628  INFO 384 --- [           main] o.s.b.w.embedded.tomcat.TomcatWebServer  : Tomcat started on port(s): 46631 (http) with context path ''
2020-11-09 18:34:34.632  INFO 384 --- [           main] pl.pandait.panda.HelloControllerTest     : Started HelloControllerTest in 4.115 seconds (JVM running for 6.65)
2020-11-09 18:34:35.171  INFO 384 --- [           main] o.s.mock.web.MockServletContext          : Initializing Spring TestDispatcherServlet ''
2020-11-09 18:34:35.172  INFO 384 --- [           main] o.s.t.web.servlet.TestDispatcherServlet  : Initializing Servlet ''
2020-11-09 18:34:35.173  INFO 384 --- [           main] o.s.t.web.servlet.TestDispatcherServlet  : Completed initialization in 1 ms
[INFO] Tests run: 1, Failures: 0, Errors: 0, Skipped: 0, Time elapsed: 5.607 s - in pl.pandait.panda.HelloControllerTest
[INFO] Running pl.pandait.panda.PandaApplicationTests
2020-11-09 18:34:35.271  INFO 384 --- [           main] .b.t.c.SpringBootTestContextBootstrapper : Neither @ContextConfiguration nor @ContextHierarchy found for test class [pl.pandait.panda.PandaApplicationTests], using SpringBootContextLoader
2020-11-09 18:34:35.272  INFO 384 --- [           main] o.s.t.c.support.AbstractContextLoader    : Could not detect default resource locations for test class [pl.pandait.panda.PandaApplicationTests]: no resource found for suffixes {-context.xml, Context.groovy}.
2020-11-09 18:34:35.273  INFO 384 --- [           main] t.c.s.AnnotationConfigContextLoaderUtils : Could not detect default configuration classes for test class [pl.pandait.panda.PandaApplicationTests]: PandaApplicationTests does not declare any static, non-private, non-final, nested classes annotated with @Configuration.
2020-11-09 18:34:35.275  INFO 384 --- [           main] .b.t.c.SpringBootTestContextBootstrapper : Found @SpringBootConfiguration pl.pandait.panda.PandaApplication for test class pl.pandait.panda.PandaApplicationTests
2020-11-09 18:34:35.278  INFO 384 --- [           main] .b.t.c.SpringBootTestContextBootstrapper : Loaded default TestExecutionListener class names from location [META-INF/spring.factories]: [org.springframework.boot.test.mock.mockito.MockitoTestExecutionListener, org.springframework.boot.test.mock.mockito.ResetMocksTestExecutionListener, org.springframework.boot.test.autoconfigure.restdocs.RestDocsTestExecutionListener, org.springframework.boot.test.autoconfigure.web.client.MockRestServiceServerResetTestExecutionListener, org.springframework.boot.test.autoconfigure.web.servlet.MockMvcPrintOnlyOnFailureTestExecutionListener, org.springframework.boot.test.autoconfigure.web.servlet.WebDriverTestExecutionListener, org.springframework.test.context.web.ServletTestExecutionListener, org.springframework.test.context.support.DirtiesContextBeforeModesTestExecutionListener, org.springframework.test.context.support.DependencyInjectionTestExecutionListener, org.springframework.test.context.support.DirtiesContextTestExecutionListener, org.springframework.test.context.transaction.TransactionalTestExecutionListener, org.springframework.test.context.jdbc.SqlScriptsTestExecutionListener, org.springframework.test.context.event.EventPublishingTestExecutionListener]
2020-11-09 18:34:35.291  INFO 384 --- [           main] .b.t.c.SpringBootTestContextBootstrapper : Using TestExecutionListeners: [org.springframework.test.context.web.ServletTestExecutionListener@5e37fb82, org.springframework.test.context.support.DirtiesContextBeforeModesTestExecutionListener@59ec7020, org.springframework.boot.test.mock.mockito.MockitoTestExecutionListener@23f60b7d, org.springframework.boot.test.autoconfigure.SpringBootDependencyInjectionTestExecutionListener@2ba9f986, org.springframework.test.context.support.DirtiesContextTestExecutionListener@4aa3fc9a, org.springframework.test.context.event.EventPublishingTestExecutionListener@70f4f89e, org.springframework.boot.test.mock.mockito.ResetMocksTestExecutionListener@634aa81e, org.springframework.boot.test.autoconfigure.restdocs.RestDocsTestExecutionListener@74b1838, org.springframework.boot.test.autoconfigure.web.client.MockRestServiceServerResetTestExecutionListener@52d96367, org.springframework.boot.test.autoconfigure.web.servlet.MockMvcPrintOnlyOnFailureTestExecutionListener@5be51aa, org.springframework.boot.test.autoconfigure.web.servlet.WebDriverTestExecutionListener@3302035b]

  .   ____          _            __ _ _
 /\\ / ___'_ __ _ _(_)_ __  __ _ \ \ \ \
( ( )\___ | '_ | '_| | '_ \/ _` | \ \ \ \
 \\/  ___)| |_)| | | | | || (_| |  ) ) ) )
  '  |____| .__|_| |_|_| |_\__, | / / / /
 =========|_|==============|___/=/_/_/_/
 :: Spring Boot ::        (v2.2.4.RELEASE)

2020-11-09 18:34:35.360  INFO 384 --- [           main] pl.pandait.panda.PandaApplicationTests   : Starting PandaApplicationTests on 7f29e35ef178 with PID 384 (started by jenkins in /var/jenkins_home/workspace/CI)
2020-11-09 18:34:35.360  INFO 384 --- [           main] pl.pandait.panda.PandaApplicationTests   : No active profile set, falling back to default profiles: default
2020-11-09 18:34:35.970  INFO 384 --- [           main] o.s.s.concurrent.ThreadPoolTaskExecutor  : Initializing ExecutorService 'applicationTaskExecutor'
2020-11-09 18:34:36.006  INFO 384 --- [           main] o.s.b.a.w.s.WelcomePageHandlerMapping    : Adding welcome page: class path resource [static/index.html]
2020-11-09 18:34:36.192  INFO 384 --- [           main] pl.pandait.panda.PandaApplicationTests   : Started PandaApplicationTests in 0.895 seconds (JVM running for 8.211)
[INFO] Tests run: 1, Failures: 0, Errors: 0, Skipped: 0, Time elapsed: 0.886 s - in pl.pandait.panda.PandaApplicationTests
2020-11-09 18:34:36.282  INFO 384 --- [extShutdownHook] o.s.s.concurrent.ThreadPoolTaskExecutor  : Shutting down ExecutorService 'applicationTaskExecutor'
2020-11-09 18:34:36.297  INFO 384 --- [extShutdownHook] o.s.s.concurrent.ThreadPoolTaskExecutor  : Shutting down ExecutorService 'applicationTaskExecutor'
[INFO] 
[INFO] Results:
[INFO] 
[INFO] Tests run: 2, Failures: 0, Errors: 0, Skipped: 0
[INFO] 
[INFO] 
[8mha:////4A2XxUCaCcjcJArUByFaRjEeuxmvF7x5mJoFvoTRWL2AAAAAYB+LCAAAAAAAAP9b85aBtbiIQSmjNKU4P0+vJLE4u1gvPjexLDVPzxdEGvvmZ+X75ZekLlOVfvTjc8FPJgaGiiIGKaiG5Py84vycVD1nCA1SyAABjCCFBQCV27OjYAAAAA==[0m[INFO] --- maven-surefire-plugin:2.22.2:test (default) @ panda ---
[INFO] Skipping execution of surefire because it has already been run for this configuration
[INFO] 
[8mha:////4A2XxUCaCcjcJArUByFaRjEeuxmvF7x5mJoFvoTRWL2AAAAAYB+LCAAAAAAAAP9b85aBtbiIQSmjNKU4P0+vJLE4u1gvPjexLDVPzxdEGvvmZ+X75ZekLlOVfvTjc8FPJgaGiiIGKaiG5Py84vycVD1nCA1SyAABjCCFBQCV27OjYAAAAA==[0m[INFO] --- maven-jar-plugin:3.1.2:jar (default-jar) @ panda ---
[INFO] Building jar: /var/jenkins_home/workspace/CI/target/panda-0.0.2-SNAPSHOT.jar
[INFO] 
[8mha:////4A2XxUCaCcjcJArUByFaRjEeuxmvF7x5mJoFvoTRWL2AAAAAYB+LCAAAAAAAAP9b85aBtbiIQSmjNKU4P0+vJLE4u1gvPjexLDVPzxdEGvvmZ+X75ZekLlOVfvTjc8FPJgaGiiIGKaiG5Py84vycVD1nCA1SyAABjCCFBQCV27OjYAAAAA==[0m[INFO] --- spring-boot-maven-plugin:2.2.4.RELEASE:repackage (repackage) @ panda ---
[INFO] Replacing main artifact with repackaged archive
[INFO] 
[8mha:////4A2XxUCaCcjcJArUByFaRjEeuxmvF7x5mJoFvoTRWL2AAAAAYB+LCAAAAAAAAP9b85aBtbiIQSmjNKU4P0+vJLE4u1gvPjexLDVPzxdEGvvmZ+X75ZekLlOVfvTjc8FPJgaGiiIGKaiG5Py84vycVD1nCA1SyAABjCCFBQCV27OjYAAAAA==[0m[INFO] --- maven-install-plugin:2.5.2:install (default-install) @ panda ---
[INFO] Installing /var/jenkins_home/workspace/CI/target/panda-0.0.2-SNAPSHOT.jar to /var/jenkins_home/.m2/repository/pl/pandait/panda/0.0.2-SNAPSHOT/panda-0.0.2-SNAPSHOT.jar
[INFO] Installing /var/jenkins_home/workspace/CI/pom.xml to /var/jenkins_home/.m2/repository/pl/pandait/panda/0.0.2-SNAPSHOT/panda-0.0.2-SNAPSHOT.pom
[INFO] ------------------------------------------------------------------------
[INFO] BUILD SUCCESS
[INFO] ------------------------------------------------------------------------
[INFO] Total time:  20.080 s
[INFO] Finished at: 2020-11-09T18:34:39Z
[INFO] ------------------------------------------------------------------------
using settings config with name MavenSettings
Replacing all maven server entries not found in credentials list is true
[CI] $ /var/jenkins_home/tools/hudson.tasks.Maven_MavenInstallation/auto_maven/bin/mvn -s /tmp/settings1898532410450429524.xml deploy
[INFO] Scanning for projects...
[INFO] 
[INFO] --------------------------< pl.pandait:panda >--------------------------
[INFO] Building panda 0.0.2-SNAPSHOT
[INFO] --------------------------------[ jar ]---------------------------------
[INFO] 
[8mha:////4A2XxUCaCcjcJArUByFaRjEeuxmvF7x5mJoFvoTRWL2AAAAAYB+LCAAAAAAAAP9b85aBtbiIQSmjNKU4P0+vJLE4u1gvPjexLDVPzxdEGvvmZ+X75ZekLlOVfvTjc8FPJgaGiiIGKaiG5Py84vycVD1nCA1SyAABjCCFBQCV27OjYAAAAA==[0m[INFO] --- maven-resources-plugin:3.1.0:resources (default-resources) @ panda ---
[INFO] Using 'UTF-8' encoding to copy filtered resources.
[INFO] Copying 1 resource
[INFO] Copying 3 resources
[INFO] 
[8mha:////4A2XxUCaCcjcJArUByFaRjEeuxmvF7x5mJoFvoTRWL2AAAAAYB+LCAAAAAAAAP9b85aBtbiIQSmjNKU4P0+vJLE4u1gvPjexLDVPzxdEGvvmZ+X75ZekLlOVfvTjc8FPJgaGiiIGKaiG5Py84vycVD1nCA1SyAABjCCFBQCV27OjYAAAAA==[0m[INFO] --- maven-compiler-plugin:3.8.1:compile (default-compile) @ panda ---
[INFO] Nothing to compile - all classes are up to date
[INFO] 
[8mha:////4A2XxUCaCcjcJArUByFaRjEeuxmvF7x5mJoFvoTRWL2AAAAAYB+LCAAAAAAAAP9b85aBtbiIQSmjNKU4P0+vJLE4u1gvPjexLDVPzxdEGvvmZ+X75ZekLlOVfvTjc8FPJgaGiiIGKaiG5Py84vycVD1nCA1SyAABjCCFBQCV27OjYAAAAA==[0m[INFO] --- maven-compiler-plugin:3.8.1:compile (default) @ panda ---
[INFO] Nothing to compile - all classes are up to date
[INFO] 
[8mha:////4A2XxUCaCcjcJArUByFaRjEeuxmvF7x5mJoFvoTRWL2AAAAAYB+LCAAAAAAAAP9b85aBtbiIQSmjNKU4P0+vJLE4u1gvPjexLDVPzxdEGvvmZ+X75ZekLlOVfvTjc8FPJgaGiiIGKaiG5Py84vycVD1nCA1SyAABjCCFBQCV27OjYAAAAA==[0m[INFO] --- maven-resources-plugin:3.1.0:testResources (default-testResources) @ panda ---
[INFO] Using 'UTF-8' encoding to copy filtered resources.
[INFO] skip non existing resourceDirectory /var/jenkins_home/workspace/CI/src/test/resources
[INFO] 
[8mha:////4A2XxUCaCcjcJArUByFaRjEeuxmvF7x5mJoFvoTRWL2AAAAAYB+LCAAAAAAAAP9b85aBtbiIQSmjNKU4P0+vJLE4u1gvPjexLDVPzxdEGvvmZ+X75ZekLlOVfvTjc8FPJgaGiiIGKaiG5Py84vycVD1nCA1SyAABjCCFBQCV27OjYAAAAA==[0m[INFO] --- maven-compiler-plugin:3.8.1:testCompile (default-testCompile) @ panda ---
[INFO] Changes detected - recompiling the module!
[INFO] Compiling 3 source files to /var/jenkins_home/workspace/CI/target/test-classes
[INFO] 
[8mha:////4A2XxUCaCcjcJArUByFaRjEeuxmvF7x5mJoFvoTRWL2AAAAAYB+LCAAAAAAAAP9b85aBtbiIQSmjNKU4P0+vJLE4u1gvPjexLDVPzxdEGvvmZ+X75ZekLlOVfvTjc8FPJgaGiiIGKaiG5Py84vycVD1nCA1SyAABjCCFBQCV27OjYAAAAA==[0m[INFO] --- maven-surefire-plugin:2.22.2:test (default-test) @ panda ---
[INFO] 
[INFO] -------------------------------------------------------
[INFO]  T E S T S
[INFO] -------------------------------------------------------
[INFO] Running pl.pandait.panda.HelloControllerTest
18:34:48.789 [main] DEBUG org.springframework.test.context.BootstrapUtils - Instantiating CacheAwareContextLoaderDelegate from class [org.springframework.test.context.cache.DefaultCacheAwareContextLoaderDelegate]
18:34:48.806 [main] DEBUG org.springframework.test.context.BootstrapUtils - Instantiating BootstrapContext using constructor [public org.springframework.test.context.support.DefaultBootstrapContext(java.lang.Class,org.springframework.test.context.CacheAwareContextLoaderDelegate)]
18:34:48.861 [main] DEBUG org.springframework.test.context.BootstrapUtils - Instantiating TestContextBootstrapper for test class [pl.pandait.panda.HelloControllerTest] from class [org.springframework.boot.test.context.SpringBootTestContextBootstrapper]
18:34:48.886 [main] INFO org.springframework.boot.test.context.SpringBootTestContextBootstrapper - Neither @ContextConfiguration nor @ContextHierarchy found for test class [pl.pandait.panda.HelloControllerTest], using SpringBootContextLoader
18:34:48.895 [main] DEBUG org.springframework.test.context.support.AbstractContextLoader - Did not detect default resource location for test class [pl.pandait.panda.HelloControllerTest]: class path resource [pl/pandait/panda/HelloControllerTest-context.xml] does not exist
18:34:48.897 [main] DEBUG org.springframework.test.context.support.AbstractContextLoader - Did not detect default resource location for test class [pl.pandait.panda.HelloControllerTest]: class path resource [pl/pandait/panda/HelloControllerTestContext.groovy] does not exist
18:34:48.899 [main] INFO org.springframework.test.context.support.AbstractContextLoader - Could not detect default resource locations for test class [pl.pandait.panda.HelloControllerTest]: no resource found for suffixes {-context.xml, Context.groovy}.
18:34:48.901 [main] INFO org.springframework.test.context.support.AnnotationConfigContextLoaderUtils - Could not detect default configuration classes for test class [pl.pandait.panda.HelloControllerTest]: HelloControllerTest does not declare any static, non-private, non-final, nested classes annotated with @Configuration.
18:34:48.957 [main] DEBUG org.springframework.test.context.support.ActiveProfilesUtils - Could not find an 'annotation declaring class' for annotation type [org.springframework.test.context.ActiveProfiles] and class [pl.pandait.panda.HelloControllerTest]
18:34:49.094 [main] DEBUG org.springframework.context.annotation.ClassPathScanningCandidateComponentProvider - Identified candidate component class: file [/var/jenkins_home/workspace/CI/target/classes/pl/pandait/panda/PandaApplication.class]
18:34:49.096 [main] INFO org.springframework.boot.test.context.SpringBootTestContextBootstrapper - Found @SpringBootConfiguration pl.pandait.panda.PandaApplication for test class pl.pandait.panda.HelloControllerTest
18:34:49.230 [main] DEBUG org.springframework.boot.test.context.SpringBootTestContextBootstrapper - @TestExecutionListeners is not present for class [pl.pandait.panda.HelloControllerTest]: using defaults.
18:34:49.231 [main] INFO org.springframework.boot.test.context.SpringBootTestContextBootstrapper - Loaded default TestExecutionListener class names from location [META-INF/spring.factories]: [org.springframework.boot.test.mock.mockito.MockitoTestExecutionListener, org.springframework.boot.test.mock.mockito.ResetMocksTestExecutionListener, org.springframework.boot.test.autoconfigure.restdocs.RestDocsTestExecutionListener, org.springframework.boot.test.autoconfigure.web.client.MockRestServiceServerResetTestExecutionListener, org.springframework.boot.test.autoconfigure.web.servlet.MockMvcPrintOnlyOnFailureTestExecutionListener, org.springframework.boot.test.autoconfigure.web.servlet.WebDriverTestExecutionListener, org.springframework.test.context.web.ServletTestExecutionListener, org.springframework.test.context.support.DirtiesContextBeforeModesTestExecutionListener, org.springframework.test.context.support.DependencyInjectionTestExecutionListener, org.springframework.test.context.support.DirtiesContextTestExecutionListener, org.springframework.test.context.transaction.TransactionalTestExecutionListener, org.springframework.test.context.jdbc.SqlScriptsTestExecutionListener, org.springframework.test.context.event.EventPublishingTestExecutionListener]
18:34:49.255 [main] DEBUG org.springframework.boot.test.context.SpringBootTestContextBootstrapper - Skipping candidate TestExecutionListener [org.springframework.test.context.transaction.TransactionalTestExecutionListener] due to a missing dependency. Specify custom listener classes or make the default listener classes and their required dependencies available. Offending class: [org/springframework/transaction/TransactionDefinition]
18:34:49.258 [main] DEBUG org.springframework.boot.test.context.SpringBootTestContextBootstrapper - Skipping candidate TestExecutionListener [org.springframework.test.context.jdbc.SqlScriptsTestExecutionListener] due to a missing dependency. Specify custom listener classes or make the default listener classes and their required dependencies available. Offending class: [org/springframework/transaction/interceptor/TransactionAttribute]
18:34:49.259 [main] INFO org.springframework.boot.test.context.SpringBootTestContextBootstrapper - Using TestExecutionListeners: [org.springframework.test.context.web.ServletTestExecutionListener@1d131e1b, org.springframework.test.context.support.DirtiesContextBeforeModesTestExecutionListener@71cf1b07, org.springframework.boot.test.mock.mockito.MockitoTestExecutionListener@615091b8, org.springframework.boot.test.autoconfigure.SpringBootDependencyInjectionTestExecutionListener@4fce136b, org.springframework.test.context.support.DirtiesContextTestExecutionListener@4aa83f4f, org.springframework.test.context.event.EventPublishingTestExecutionListener@43b6123e, org.springframework.boot.test.mock.mockito.ResetMocksTestExecutionListener@260e86a1, org.springframework.boot.test.autoconfigure.restdocs.RestDocsTestExecutionListener@19648c40, org.springframework.boot.test.autoconfigure.web.client.MockRestServiceServerResetTestExecutionListener@12bd8a64, org.springframework.boot.test.autoconfigure.web.servlet.MockMvcPrintOnlyOnFailureTestExecutionListener@61e94def, org.springframework.boot.test.autoconfigure.web.servlet.WebDriverTestExecutionListener@3300f4fd]
18:34:49.273 [main] DEBUG org.springframework.test.context.support.AbstractDirtiesContextTestExecutionListener - Before test class: context [DefaultTestContext@18bc345 testClass = HelloControllerTest, testInstance = [null], testMethod = [null], testException = [null], mergedContextConfiguration = [WebMergedContextConfiguration@42f8285e testClass = HelloControllerTest, locations = '{}', classes = '{class pl.pandait.panda.PandaApplication}', contextInitializerClasses = '[]', activeProfiles = '{}', propertySourceLocations = '{}', propertySourceProperties = '{org.springframework.boot.test.context.SpringBootTestContextBootstrapper=true, server.port=0}', contextCustomizers = set[org.springframework.boot.test.context.filter.ExcludeFilterContextCustomizer@3f1d2e23, org.springframework.boot.test.json.DuplicateJsonObjectContextCustomizerFactory$DuplicateJsonObjectContextCustomizer@776a6d9b, org.springframework.boot.test.mock.mockito.MockitoContextCustomizer@0, org.springframework.boot.test.web.client.TestRestTemplateContextCustomizer@389b0789, org.springframework.boot.test.autoconfigure.properties.PropertyMappingContextCustomizer@0, org.springframework.boot.test.autoconfigure.web.servlet.WebDriverContextCustomizerFactory$Customizer@2415fc55], resourceBasePath = 'src/main/webapp', contextLoader = 'org.springframework.boot.test.context.SpringBootContextLoader', parent = [null]], attributes = map['org.springframework.test.context.web.ServletTestExecutionListener.activateListener' -> false]], class annotated with @DirtiesContext [false] with mode [null].
18:34:49.296 [main] DEBUG org.springframework.test.context.support.DependencyInjectionTestExecutionListener - Performing dependency injection for test context [[DefaultTestContext@18bc345 testClass = HelloControllerTest, testInstance = pl.pandait.panda.HelloControllerTest@52d645b1, testMethod = [null], testException = [null], mergedContextConfiguration = [WebMergedContextConfiguration@42f8285e testClass = HelloControllerTest, locations = '{}', classes = '{class pl.pandait.panda.PandaApplication}', contextInitializerClasses = '[]', activeProfiles = '{}', propertySourceLocations = '{}', propertySourceProperties = '{org.springframework.boot.test.context.SpringBootTestContextBootstrapper=true, server.port=0}', contextCustomizers = set[org.springframework.boot.test.context.filter.ExcludeFilterContextCustomizer@3f1d2e23, org.springframework.boot.test.json.DuplicateJsonObjectContextCustomizerFactory$DuplicateJsonObjectContextCustomizer@776a6d9b, org.springframework.boot.test.mock.mockito.MockitoContextCustomizer@0, org.springframework.boot.test.web.client.TestRestTemplateContextCustomizer@389b0789, org.springframework.boot.test.autoconfigure.properties.PropertyMappingContextCustomizer@0, org.springframework.boot.test.autoconfigure.web.servlet.WebDriverContextCustomizerFactory$Customizer@2415fc55], resourceBasePath = 'src/main/webapp', contextLoader = 'org.springframework.boot.test.context.SpringBootContextLoader', parent = [null]], attributes = map['org.springframework.test.context.web.ServletTestExecutionListener.activateListener' -> false]]].
18:34:49.336 [main] DEBUG org.springframework.test.context.support.TestPropertySourceUtils - Adding inlined properties to environment: {spring.jmx.enabled=false, org.springframework.boot.test.context.SpringBootTestContextBootstrapper=true, server.port=0}

  .   ____          _            __ _ _
 /\\ / ___'_ __ _ _(_)_ __  __ _ \ \ \ \
( ( )\___ | '_ | '_| | '_ \/ _` | \ \ \ \
 \\/  ___)| |_)| | | | | || (_| |  ) ) ) )
  '  |____| .__|_| |_|_| |_\__, | / / / /
 =========|_|==============|___/=/_/_/_/
 :: Spring Boot ::        (v2.2.4.RELEASE)

2020-11-09 18:34:49.895  INFO 483 --- [           main] pl.pandait.panda.HelloControllerTest     : Starting HelloControllerTest on 7f29e35ef178 with PID 483 (started by jenkins in /var/jenkins_home/workspace/CI)
2020-11-09 18:34:49.898  INFO 483 --- [           main] pl.pandait.panda.HelloControllerTest     : No active profile set, falling back to default profiles: default
2020-11-09 18:34:51.646  INFO 483 --- [           main] o.s.b.w.embedded.tomcat.TomcatWebServer  : Tomcat initialized with port(s): 0 (http)
2020-11-09 18:34:51.662  INFO 483 --- [           main] o.apache.catalina.core.StandardService   : Starting service [Tomcat]
2020-11-09 18:34:51.663  INFO 483 --- [           main] org.apache.catalina.core.StandardEngine  : Starting Servlet engine: [Apache Tomcat/9.0.30]
2020-11-09 18:34:51.801  INFO 483 --- [           main] o.a.c.c.C.[Tomcat].[localhost].[/]       : Initializing Spring embedded WebApplicationContext
2020-11-09 18:34:51.801  INFO 483 --- [           main] o.s.web.context.ContextLoader            : Root WebApplicationContext: initialization completed in 1868 ms
2020-11-09 18:34:52.326  INFO 483 --- [           main] o.s.s.concurrent.ThreadPoolTaskExecutor  : Initializing ExecutorService 'applicationTaskExecutor'
2020-11-09 18:34:52.467  INFO 483 --- [           main] o.s.b.a.w.s.WelcomePageHandlerMapping    : Adding welcome page: class path resource [static/index.html]
2020-11-09 18:34:53.310  INFO 483 --- [           main] o.s.b.w.embedded.tomcat.TomcatWebServer  : Tomcat started on port(s): 46037 (http) with context path ''
2020-11-09 18:34:53.316  INFO 483 --- [           main] pl.pandait.panda.HelloControllerTest     : Started HelloControllerTest in 3.973 seconds (JVM running for 5.77)
2020-11-09 18:34:53.964  INFO 483 --- [           main] o.s.mock.web.MockServletContext          : Initializing Spring TestDispatcherServlet ''
2020-11-09 18:34:53.965  INFO 483 --- [           main] o.s.t.web.servlet.TestDispatcherServlet  : Initializing Servlet ''
2020-11-09 18:34:53.967  INFO 483 --- [           main] o.s.t.web.servlet.TestDispatcherServlet  : Completed initialization in 1 ms
[INFO] Tests run: 1, Failures: 0, Errors: 0, Skipped: 0, Time elapsed: 5.474 s - in pl.pandait.panda.HelloControllerTest
[INFO] Running pl.pandait.panda.PandaApplicationTests
2020-11-09 18:34:54.121  INFO 483 --- [           main] .b.t.c.SpringBootTestContextBootstrapper : Neither @ContextConfiguration nor @ContextHierarchy found for test class [pl.pandait.panda.PandaApplicationTests], using SpringBootContextLoader
2020-11-09 18:34:54.122  INFO 483 --- [           main] o.s.t.c.support.AbstractContextLoader    : Could not detect default resource locations for test class [pl.pandait.panda.PandaApplicationTests]: no resource found for suffixes {-context.xml, Context.groovy}.
2020-11-09 18:34:54.129  INFO 483 --- [           main] t.c.s.AnnotationConfigContextLoaderUtils : Could not detect default configuration classes for test class [pl.pandait.panda.PandaApplicationTests]: PandaApplicationTests does not declare any static, non-private, non-final, nested classes annotated with @Configuration.
2020-11-09 18:34:54.132  INFO 483 --- [           main] .b.t.c.SpringBootTestContextBootstrapper : Found @SpringBootConfiguration pl.pandait.panda.PandaApplication for test class pl.pandait.panda.PandaApplicationTests
2020-11-09 18:34:54.138  INFO 483 --- [           main] .b.t.c.SpringBootTestContextBootstrapper : Loaded default TestExecutionListener class names from location [META-INF/spring.factories]: [org.springframework.boot.test.mock.mockito.MockitoTestExecutionListener, org.springframework.boot.test.mock.mockito.ResetMocksTestExecutionListener, org.springframework.boot.test.autoconfigure.restdocs.RestDocsTestExecutionListener, org.springframework.boot.test.autoconfigure.web.client.MockRestServiceServerResetTestExecutionListener, org.springframework.boot.test.autoconfigure.web.servlet.MockMvcPrintOnlyOnFailureTestExecutionListener, org.springframework.boot.test.autoconfigure.web.servlet.WebDriverTestExecutionListener, org.springframework.test.context.web.ServletTestExecutionListener, org.springframework.test.context.support.DirtiesContextBeforeModesTestExecutionListener, org.springframework.test.context.support.DependencyInjectionTestExecutionListener, org.springframework.test.context.support.DirtiesContextTestExecutionListener, org.springframework.test.context.transaction.TransactionalTestExecutionListener, org.springframework.test.context.jdbc.SqlScriptsTestExecutionListener, org.springframework.test.context.event.EventPublishingTestExecutionListener]
2020-11-09 18:34:54.145  INFO 483 --- [           main] .b.t.c.SpringBootTestContextBootstrapper : Using TestExecutionListeners: [org.springframework.test.context.web.ServletTestExecutionListener@4aa3fc9a, org.springframework.test.context.support.DirtiesContextBeforeModesTestExecutionListener@70f4f89e, org.springframework.boot.test.mock.mockito.MockitoTestExecutionListener@634aa81e, org.springframework.boot.test.autoconfigure.SpringBootDependencyInjectionTestExecutionListener@74b1838, org.springframework.test.context.support.DirtiesContextTestExecutionListener@52d96367, org.springframework.test.context.event.EventPublishingTestExecutionListener@5be51aa, org.springframework.boot.test.mock.mockito.ResetMocksTestExecutionListener@3302035b, org.springframework.boot.test.autoconfigure.restdocs.RestDocsTestExecutionListener@6c5747db, org.springframework.boot.test.autoconfigure.web.client.MockRestServiceServerResetTestExecutionListener@750cd36d, org.springframework.boot.test.autoconfigure.web.servlet.MockMvcPrintOnlyOnFailureTestExecutionListener@2c8ff67, org.springframework.boot.test.autoconfigure.web.servlet.WebDriverTestExecutionListener@21733cbe]

  .   ____          _            __ _ _
 /\\ / ___'_ __ _ _(_)_ __  __ _ \ \ \ \
( ( )\___ | '_ | '_| | '_ \/ _` | \ \ \ \
 \\/  ___)| |_)| | | | | || (_| |  ) ) ) )
  '  |____| .__|_| |_|_| |_\__, | / / / /
 =========|_|==============|___/=/_/_/_/
 :: Spring Boot ::        (v2.2.4.RELEASE)

2020-11-09 18:34:54.208  INFO 483 --- [           main] pl.pandait.panda.PandaApplicationTests   : Starting PandaApplicationTests on 7f29e35ef178 with PID 483 (started by jenkins in /var/jenkins_home/workspace/CI)
2020-11-09 18:34:54.209  INFO 483 --- [           main] pl.pandait.panda.PandaApplicationTests   : No active profile set, falling back to default profiles: default
2020-11-09 18:34:54.864  INFO 483 --- [           main] o.s.s.concurrent.ThreadPoolTaskExecutor  : Initializing ExecutorService 'applicationTaskExecutor'
2020-11-09 18:34:54.899  INFO 483 --- [           main] o.s.b.a.w.s.WelcomePageHandlerMapping    : Adding welcome page: class path resource [static/index.html]
2020-11-09 18:34:55.156  INFO 483 --- [           main] pl.pandait.panda.PandaApplicationTests   : Started PandaApplicationTests in 1.002 seconds (JVM running for 7.61)
[INFO] Tests run: 1, Failures: 0, Errors: 0, Skipped: 0, Time elapsed: 1.002 s - in pl.pandait.panda.PandaApplicationTests
2020-11-09 18:34:55.195  INFO 483 --- [extShutdownHook] o.s.s.concurrent.ThreadPoolTaskExecutor  : Shutting down ExecutorService 'applicationTaskExecutor'
2020-11-09 18:34:55.196  INFO 483 --- [extShutdownHook] o.s.s.concurrent.ThreadPoolTaskExecutor  : Shutting down ExecutorService 'applicationTaskExecutor'
[INFO] 
[INFO] Results:
[INFO] 
[INFO] Tests run: 2, Failures: 0, Errors: 0, Skipped: 0
[INFO] 
[INFO] 
[8mha:////4A2XxUCaCcjcJArUByFaRjEeuxmvF7x5mJoFvoTRWL2AAAAAYB+LCAAAAAAAAP9b85aBtbiIQSmjNKU4P0+vJLE4u1gvPjexLDVPzxdEGvvmZ+X75ZekLlOVfvTjc8FPJgaGiiIGKaiG5Py84vycVD1nCA1SyAABjCCFBQCV27OjYAAAAA==[0m[INFO] --- maven-surefire-plugin:2.22.2:test (default) @ panda ---
[INFO] Skipping execution of surefire because it has already been run for this configuration
[INFO] 
[8mha:////4A2XxUCaCcjcJArUByFaRjEeuxmvF7x5mJoFvoTRWL2AAAAAYB+LCAAAAAAAAP9b85aBtbiIQSmjNKU4P0+vJLE4u1gvPjexLDVPzxdEGvvmZ+X75ZekLlOVfvTjc8FPJgaGiiIGKaiG5Py84vycVD1nCA1SyAABjCCFBQCV27OjYAAAAA==[0m[INFO] --- maven-jar-plugin:3.1.2:jar (default-jar) @ panda ---
[INFO] Building jar: /var/jenkins_home/workspace/CI/target/panda-0.0.2-SNAPSHOT.jar
[INFO] 
[8mha:////4A2XxUCaCcjcJArUByFaRjEeuxmvF7x5mJoFvoTRWL2AAAAAYB+LCAAAAAAAAP9b85aBtbiIQSmjNKU4P0+vJLE4u1gvPjexLDVPzxdEGvvmZ+X75ZekLlOVfvTjc8FPJgaGiiIGKaiG5Py84vycVD1nCA1SyAABjCCFBQCV27OjYAAAAA==[0m[INFO] --- spring-boot-maven-plugin:2.2.4.RELEASE:repackage (repackage) @ panda ---
[INFO] Replacing main artifact with repackaged archive
[INFO] 
[8mha:////4A2XxUCaCcjcJArUByFaRjEeuxmvF7x5mJoFvoTRWL2AAAAAYB+LCAAAAAAAAP9b85aBtbiIQSmjNKU4P0+vJLE4u1gvPjexLDVPzxdEGvvmZ+X75ZekLlOVfvTjc8FPJgaGiiIGKaiG5Py84vycVD1nCA1SyAABjCCFBQCV27OjYAAAAA==[0m[INFO] --- maven-install-plugin:2.5.2:install (default-install) @ panda ---
[INFO] Installing /var/jenkins_home/workspace/CI/target/panda-0.0.2-SNAPSHOT.jar to /var/jenkins_home/.m2/repository/pl/pandait/panda/0.0.2-SNAPSHOT/panda-0.0.2-SNAPSHOT.jar
[INFO] Installing /var/jenkins_home/workspace/CI/pom.xml to /var/jenkins_home/.m2/repository/pl/pandait/panda/0.0.2-SNAPSHOT/panda-0.0.2-SNAPSHOT.pom
[INFO] 
[8mha:////4A2XxUCaCcjcJArUByFaRjEeuxmvF7x5mJoFvoTRWL2AAAAAYB+LCAAAAAAAAP9b85aBtbiIQSmjNKU4P0+vJLE4u1gvPjexLDVPzxdEGvvmZ+X75ZekLlOVfvTjc8FPJgaGiiIGKaiG5Py84vycVD1nCA1SyAABjCCFBQCV27OjYAAAAA==[0m[INFO] --- maven-deploy-plugin:2.8.2:deploy (default-deploy) @ panda ---
Downloading from artifactory: http://192.168.44.44:8081/artifactory/libs-snapshot-local/pl/pandait/panda/0.0.2-SNAPSHOT/maven-metadata.xml
[8mha:////4PCuz9dLUSlDlrYxx+QR9atFlizAIhhqYNnKz8uFAhUfAAAAYx+LCAAAAAAAAP9b85aBtbiIQSWjNKU4P0+vJLE4u1gvPjexLDVPzxdEhicW5WXmpfvll6S2fNly5fzGzauYGBgqihikoFqS8/OK83NS9ZwhNEghAwQwghQWAACwxA+XYgAAAA==[0m[WARNING] Could not transfer metadata pl.pandait:panda:0.0.2-SNAPSHOT/maven-metadata.xml from/to artifactory (http://192.168.44.44:8081/artifactory/libs-snapshot-local): Authentication failed for http://192.168.44.44:8081/artifactory/libs-snapshot-local/pl/pandait/panda/0.0.2-SNAPSHOT/maven-metadata.xml 401 Unauthorized
[INFO] ------------------------------------------------------------------------
[INFO] BUILD FAILURE
[INFO] ------------------------------------------------------------------------
[INFO] Total time:  16.746 s
[INFO] Finished at: 2020-11-09T18:34:59Z
[INFO] ------------------------------------------------------------------------
[8mha:////4KQtGj/rX4W3QWmdL4qTMs6lSwQzr5Ggiiz/GDOHWUYiAAAAYB+LCAAAAAAAAP9b85aBtbiIQSmjNKU4P0+vJLE4u1gvPjexLDVPzxdEuhYV5Rf55ZekOlc7RKnPKH7IxMBQUcQgBdWQnJ9XnJ+TqucMoUEKGSCAEaSwAACsNFCqYAAAAA==[0m[ERROR] Failed to execute goal org.apache.maven.plugins:maven-deploy-plugin:2.8.2:deploy (default-deploy) on project panda: Failed to retrieve remote metadata pl.pandait:panda:0.0.2-SNAPSHOT/maven-metadata.xml: Could not transfer metadata pl.pandait:panda:0.0.2-SNAPSHOT/maven-metadata.xml from/to artifactory (http://192.168.44.44:8081/artifactory/libs-snapshot-local): Authentication failed for http://192.168.44.44:8081/artifactory/libs-snapshot-local/pl/pandait/panda/0.0.2-SNAPSHOT/maven-metadata.xml 401 Unauthorized -> [Help 1]
[8mha:////4KQtGj/rX4W3QWmdL4qTMs6lSwQzr5Ggiiz/GDOHWUYiAAAAYB+LCAAAAAAAAP9b85aBtbiIQSmjNKU4P0+vJLE4u1gvPjexLDVPzxdEuhYV5Rf55ZekOlc7RKnPKH7IxMBQUcQgBdWQnJ9XnJ+TqucMoUEKGSCAEaSwAACsNFCqYAAAAA==[0m[ERROR] 
[8mha:////4KQtGj/rX4W3QWmdL4qTMs6lSwQzr5Ggiiz/GDOHWUYiAAAAYB+LCAAAAAAAAP9b85aBtbiIQSmjNKU4P0+vJLE4u1gvPjexLDVPzxdEuhYV5Rf55ZekOlc7RKnPKH7IxMBQUcQgBdWQnJ9XnJ+TqucMoUEKGSCAEaSwAACsNFCqYAAAAA==[0m[ERROR] To see the full stack trace of the errors, re-run Maven with the -e switch.
[8mha:////4KQtGj/rX4W3QWmdL4qTMs6lSwQzr5Ggiiz/GDOHWUYiAAAAYB+LCAAAAAAAAP9b85aBtbiIQSmjNKU4P0+vJLE4u1gvPjexLDVPzxdEuhYV5Rf55ZekOlc7RKnPKH7IxMBQUcQgBdWQnJ9XnJ+TqucMoUEKGSCAEaSwAACsNFCqYAAAAA==[0m[ERROR] Re-run Maven using the -X switch to enable full debug logging.
[8mha:////4KQtGj/rX4W3QWmdL4qTMs6lSwQzr5Ggiiz/GDOHWUYiAAAAYB+LCAAAAAAAAP9b85aBtbiIQSmjNKU4P0+vJLE4u1gvPjexLDVPzxdEuhYV5Rf55ZekOlc7RKnPKH7IxMBQUcQgBdWQnJ9XnJ+TqucMoUEKGSCAEaSwAACsNFCqYAAAAA==[0m[ERROR] 
[8mha:////4KQtGj/rX4W3QWmdL4qTMs6lSwQzr5Ggiiz/GDOHWUYiAAAAYB+LCAAAAAAAAP9b85aBtbiIQSmjNKU4P0+vJLE4u1gvPjexLDVPzxdEuhYV5Rf55ZekOlc7RKnPKH7IxMBQUcQgBdWQnJ9XnJ+TqucMoUEKGSCAEaSwAACsNFCqYAAAAA==[0m[ERROR] For more information about the errors and possible solutions, please read the following articles:
[8mha:////4KQtGj/rX4W3QWmdL4qTMs6lSwQzr5Ggiiz/GDOHWUYiAAAAYB+LCAAAAAAAAP9b85aBtbiIQSmjNKU4P0+vJLE4u1gvPjexLDVPzxdEuhYV5Rf55ZekOlc7RKnPKH7IxMBQUcQgBdWQnJ9XnJ+TqucMoUEKGSCAEaSwAACsNFCqYAAAAA==[0m[ERROR] [Help 1] http://cwiki.apache.org/confluence/display/MAVEN/MojoExecutionException
Build step 'Invoke top-level Maven targets' marked build as failure
Finished: FAILURE
